# JRE version: OpenJDK Runtime Environment (8.0_152-b01) (build 1.8.0_152-release-915-b01)
# Java VM: OpenJDK 64-Bit Server VM (25.152-b01 mixed mode windows-amd64 compressed oops)
Heap:
 PSYoungGen      total 514560K, used 8756K [0x00000000d5580000, 0x00000000ffc80000, 0x0000000100000000)
  eden space 358912K, 2% used [0x00000000d5580000,0x00000000d5e0d220,0x00000000eb400000)
  from space 155648K, 0% used [0x00000000eb400000,0x00000000eb400000,0x00000000f4c00000)
  to   space 152576K, 0% used [0x00000000f6780000,0x00000000f6780000,0x00000000ffc80000)
 ParOldGen       total 398336K, used 287172K [0x0000000080000000, 0x0000000098500000, 0x00000000d5580000)
  object space 398336K, 72% used [0x0000000080000000,0x0000000091871148,0x0000000098500000)
 Metaspace       used 108331K, capacity 114946K, committed 127744K, reserved 1159168K
  class space    used 13663K, capacity 15223K, committed 17152K, reserved 1048576K
GC Heap History (10 events):
Event: 2946.657 GC heap before
{Heap before GC invocations=45 (full 5):
 PSYoungGen      total 341504K, used 341360K [0x00000000d5580000, 0x00000000ffa80000, 0x0000000100000000)
  eden space 339968K, 100% used [0x00000000d5580000,0x00000000ea180000,0x00000000ea180000)
  from space 1536K, 90% used [0x00000000ea180000,0x00000000ea2dc010,0x00000000ea300000)
  to   space 176640K, 0% used [0x00000000f4e00000,0x00000000f4e00000,0x00000000ffa80000)
 ParOldGen       total 398336K, used 331189K [0x0000000080000000, 0x0000000098500000, 0x00000000d5580000)
  object space 398336K, 83% used [0x0000000080000000,0x000000009436d4c0,0x0000000098500000)
 Metaspace       used 108930K, capacity 115442K, committed 115584K, reserved 1148928K
  class space    used 13850K, capacity 15444K, committed 15488K, reserved 1048576K
Event: 2946.683 GC heap after
Heap after GC invocations=45 (full 5):
 PSYoungGen      total 520704K, used 8130K [0x00000000d5580000, 0x0000000100000000, 0x0000000100000000)
  eden space 344064K, 0% used [0x00000000d5580000,0x00000000d5580000,0x00000000ea580000)
  from space 176640K, 4% used [0x00000000f4e00000,0x00000000f55f08e0,0x00000000ffa80000)
  to   space 172544K, 0% used [0x00000000ea580000,0x00000000ea580000,0x00000000f4e00000)
 ParOldGen       total 398336K, used 332314K [0x0000000080000000, 0x0000000098500000, 0x00000000d5580000)
  object space 398336K, 83% used [0x0000000080000000,0x0000000094486ac0,0x0000000098500000)
 Metaspace       used 108930K, capacity 115442K, committed 115584K, reserved 1148928K
  class space    used 13850K, capacity 15444K, committed 15488K, reserved 1048576K
}
Event: 3102.202 GC heap before
{Heap before GC invocations=46 (full 5):
 PSYoungGen      total 520704K, used 352194K [0x00000000d5580000, 0x0000000100000000, 0x0000000100000000)
  eden space 344064K, 100% used [0x00000000d5580000,0x00000000ea580000,0x00000000ea580000)
  from space 176640K, 4% used [0x00000000f4e00000,0x00000000f55f08e0,0x00000000ffa80000)
  to   space 172544K, 0% used [0x00000000ea580000,0x00000000ea580000,0x00000000f4e00000)
 ParOldGen       total 398336K, used 332314K [0x0000000080000000, 0x0000000098500000, 0x00000000d5580000)
  object space 398336K, 83% used [0x0000000080000000,0x0000000094486ac0,0x0000000098500000)
 Metaspace       used 109711K, capacity 117008K, committed 117120K, reserved 1150976K
  class space    used 13974K, capacity 15693K, committed 15744K, reserved 1048576K
Event: 3102.273 GC heap after
Heap after GC invocations=46 (full 5):
 PSYoungGen      total 516608K, used 7573K [0x00000000d5580000, 0x00000000ff200000, 0x0000000100000000)
  eden space 344064K, 0% used [0x00000000d5580000,0x00000000d5580000,0x00000000ea580000)
  from space 172544K, 4% used [0x00000000ea580000,0x00000000eace5778,0x00000000f4e00000)
  to   space 167424K, 0% used [0x00000000f4e80000,0x00000000f4e80000,0x00000000ff200000)
 ParOldGen       total 398336K, used 336934K [0x0000000080000000, 0x0000000098500000, 0x00000000d5580000)
  object space 398336K, 84% used [0x0000000080000000,0x0000000094909ab8,0x0000000098500000)
 Metaspace       used 109711K, capacity 117008K, committed 117120K, reserved 1150976K
  class space    used 13974K, capacity 15693K, committed 15744K, reserved 1048576K
}
Event: 3224.806 GC heap before
{Heap before GC invocations=47 (full 5):
 PSYoungGen      total 516608K, used 351637K [0x00000000d5580000, 0x00000000ff200000, 0x0000000100000000)
  eden space 344064K, 100% used [0x00000000d5580000,0x00000000ea580000,0x00000000ea580000)
  from space 172544K, 4% used [0x00000000ea580000,0x00000000eace5778,0x00000000f4e00000)
  to   space 167424K, 0% used [0x00000000f4e80000,0x00000000f4e80000,0x00000000ff200000)
 ParOldGen       total 398336K, used 336934K [0x0000000080000000, 0x0000000098500000, 0x00000000d5580000)
  object space 398336K, 84% used [0x0000000080000000,0x0000000094909ab8,0x0000000098500000)
 Metaspace       used 109754K, capacity 117078K, committed 117376K, reserved 1150976K
  class space    used 13975K, capacity 15694K, committed 15744K, reserved 1048576K
Event: 3224.902 GC heap after
Heap after GC invocations=47 (full 5):
 PSYoungGen      total 512000K, used 47069K [0x00000000d5580000, 0x00000000fe400000, 0x0000000100000000)
  eden space 358912K, 0% used [0x00000000d5580000,0x00000000d5580000,0x00000000eb400000)
  from space 153088K, 30% used [0x00000000f4e80000,0x00000000f7c77748,0x00000000fe400000)
  to   space 155648K, 0% used [0x00000000eb400000,0x00000000eb400000,0x00000000f4c00000)
 ParOldGen       total 398336K, used 342513K [0x0000000080000000, 0x0000000098500000, 0x00000000d5580000)
  object space 398336K, 85% used [0x0000000080000000,0x0000000094e7c410,0x0000000098500000)
 Metaspace       used 109754K, capacity 117078K, committed 117376K, reserved 1150976K
  class space    used 13975K, capacity 15694K, committed 15744K, reserved 1048576K
}
Event: 3247.676 GC heap before
{Heap before GC invocations=48 (full 5):
 PSYoungGen      total 512000K, used 405981K [0x00000000d5580000, 0x00000000fe400000, 0x0000000100000000)
  eden space 358912K, 100% used [0x00000000d5580000,0x00000000eb400000,0x00000000eb400000)
  from space 153088K, 30% used [0x00000000f4e80000,0x00000000f7c77748,0x00000000fe400000)
  to   space 155648K, 0% used [0x00000000eb400000,0x00000000eb400000,0x00000000f4c00000)
 ParOldGen       total 398336K, used 342513K [0x0000000080000000, 0x0000000098500000, 0x00000000d5580000)
  object space 398336K, 85% used [0x0000000080000000,0x0000000094e7c410,0x0000000098500000)
 Metaspace       used 119774K, capacity 127404K, committed 127744K, reserved 1159168K
  class space    used 15252K, capacity 17033K, committed 17152K, reserved 1048576K
Event: 3247.983 GC heap after
Heap after GC invocations=48 (full 5):
 PSYoungGen      total 514560K, used 67478K [0x00000000d5580000, 0x00000000ffc80000, 0x0000000100000000)
  eden space 358912K, 0% used [0x00000000d5580000,0x00000000d5580000,0x00000000eb400000)
  from space 155648K, 43% used [0x00000000eb400000,0x00000000ef5e5990,0x00000000f4c00000)
  to   space 152576K, 0% used [0x00000000f6780000,0x00000000f6780000,0x00000000ffc80000)
 ParOldGen       total 398336K, used 381048K [0x0000000080000000, 0x0000000098500000, 0x00000000d5580000)
  object space 398336K, 95% used [0x0000000080000000,0x000000009741e128,0x0000000098500000)
 Metaspace       used 119774K, capacity 127404K, committed 127744K, reserved 1159168K
  class space    used 15252K, capacity 17033K, committed 17152K, reserved 1048576K
}
Event: 3247.991 GC heap before
{Heap before GC invocations=49 (full 6):
 PSYoungGen      total 514560K, used 67478K [0x00000000d5580000, 0x00000000ffc80000, 0x0000000100000000)
  eden space 358912K, 0% used [0x00000000d5580000,0x00000000d5580000,0x00000000eb400000)
  from space 155648K, 43% used [0x00000000eb400000,0x00000000ef5e5990,0x00000000f4c00000)
  to   space 152576K, 0% used [0x00000000f6780000,0x00000000f6780000,0x00000000ffc80000)
 ParOldGen       total 398336K, used 381048K [0x0000000080000000, 0x0000000098500000, 0x00000000d5580000)
  object space 398336K, 95% used [0x0000000080000000,0x000000009741e128,0x0000000098500000)
 Metaspace       used 119774K, capacity 127404K, committed 127744K, reserved 1159168K
  class space    used 15252K, capacity 17033K, committed 17152K, reserved 1048576K
Event: 3281.380 GC heap after
Heap after GC invocations=49 (full 6):
 PSYoungGen      total 514560K, used 0K [0x00000000d5580000, 0x00000000ffc80000, 0x0000000100000000)
  eden space 358912K, 0% used [0x00000000d5580000,0x00000000d5580000,0x00000000eb400000)
  from space 155648K, 0% used [0x00000000eb400000,0x00000000eb400000,0x00000000f4c00000)
  to   space 152576K, 0% used [0x00000000f6780000,0x00000000f6780000,0x00000000ffc80000)
 ParOldGen       total 398336K, used 287172K [0x0000000080000000, 0x0000000098500000, 0x00000000d5580000)
  object space 398336K, 72% used [0x0000000080000000,0x0000000091871148,0x0000000098500000)
 Metaspace       used 108329K, capacity 114946K, committed 127744K, reserved 1159168K
  class space    used 13663K, capacity 15223K, committed 17152K, reserved 1048576K
}

